@03 517/8/14 h7 完成任务
帝国之恶女的任务完成了，获得了12名声。


@03 517/8/16 h12 完成任务
傀儡寂静的任务完成了，获得了10名声。

@01 517/8/16 h12 发现道具
傀儡寂静在安全之巢窟拿到了☆梦幻的铠甲『
牧师・秩序』 [8,0]。

@01 517/8/18 h8 发现道具
真・中庸在小鬼之洞窟拿到了☆照亮黑暗的靴
『龙儿之车轮』 [9,2]。

@03 517/8/18 h11 完成任务
献出双亲王室的任务完成了，获得了65名声。


@01 517/8/19 h22 发现道具
被舔隼在南提里斯拿到了☆祝福的梦幻的弩炮
『策划计谋的常暗』 (1d28)(-8) [-21,0]。


@01 517/8/20 h5 发现道具
梦中烈焰在初始之湖拿到了☆高贵的结婚戒指
『献出兄长永远』。

@01 517/8/22 h8 发现道具
风暴・蓝在时运之巢窟拿到了☆通透的弩箭矢
『麻药之丧失』 (1d8)(5)。

@03 517/8/22 h11 完成任务
真・中庸的任务完成了，获得了16名声。

@01 517/8/22 h11 发现道具
真・中庸在帕罗米亚拿到了☆粉碎黑暗的守护
戒指『一个劲哭胜者』 [0,3]。

@01 517/8/23 h11 发现道具
完全的伤痕在电子巨蛋拿到了☆堕落的缠绕光
芒的合成靴『旧的剑』 [1,11]。

@03 517/8/23 h14 完成任务
不知天高地厚的水晶的任务完成了，获得了6
名声。

@01 517/8/25 h11 发现道具
风暴・蓝在时运之巢窟拿到了☆通透的头盔『
虎口脱险的前生』 [4,0]。

@01 517/8/25 h18 发现道具
染上了黄色的惊愕在时运之寨拿到了☆艳丽的
靴『狙击手神』 [3,0]。

@01 517/8/28 h19 发现道具
肉的秩序在安全之寨拿到了☆梦幻的链甲『银
猫』 [10,0]。

@03 517/8/28 h20 完成任务
梦中烈焰的任务完成了，获得了5名声。

@01 517/8/28 h20 发现道具
梦中烈焰在诺耶尔拿到了☆高贵的钩爪『抵抗
之侍』 (1,2) [0,1]。

@01 517/8/30 h4 发现道具
恐怖之战士在混沌之湖拿到了☆粉碎黑暗的弩
『坦克的愤怒』 (1d27+3)(6)。

@03 517/9/1 h6 完成任务
操控巨人的号泣的任务完成了，获得了15名声。


@01 517/9/1 h6 发现道具
操控巨人的号泣在韦尔尼斯拿到了☆诅咒的乱
来的腰带『太过悲伤的友情』 [3,0]。

@03 517/9/1 h11 完成任务
合体儿子的任务完成了，获得了10名声。

@01 517/9/1 h11 发现道具
合体儿子在不归之陵园拿到了☆粉碎黑暗的激
光弹『肉体之少年』 (2d4)。

@03 517/9/3 h4 完成任务
献出双亲王室的任务完成了，获得了4名声。


@01 517/9/3 h9 发现道具
挑战与骸骨在初始之湖拿到了☆祝福的被称作
铁块的石头『猫之防卫者』 (1d12)。

@01 517/9/6 h2 发现道具
真・心灵在时运之巢窟拿到了☆被称作铁块的
子弹『半熔化的恶』 (2d2)(3)。

@03 517/9/6 h10 完成任务
真・心灵的任务完成了，获得了8名声。

@01 517/9/7 h9 发现道具
恐怖之战士在安全之矿山拿到了☆通透的大剑
『猎杀鹰的蓝』 (3d7)(2)。

@03 517/9/7 h14 完成任务
红之恶魔的任务完成了，获得了42名声。

@01 517/9/7 h14 发现道具
红之恶魔在山道拿到了☆梦幻的结婚戒指『火
圣母』。

@01 517/9/7 h15 发现道具
挑战与骸骨在道场拿到了☆被称作铁块的钻孔
机『胜利之智者』 (6d7)(-8)。

@01 517/9/7 h19 发现道具
操控巨人的号泣在时运之巢窟拿到了☆缠绕光
芒的厚铠『丰收隐士』 [7,28]。

@01 517/9/8 h5 发现道具
恐怖之战士在安全之矿山拿到了☆沉重的结婚
项链『破灭之刀』。

@01 517/9/9 h18 发现道具
傀儡寂静在安全之寨拿到了☆沉重的细剑『被
惩戒了的月光』 (1d11)(2)。

@01 517/9/10 h1 发现道具
护符的僧侣在野外拿到了☆被称作铁块的大岩
石『不可思议之斗士』 (1d40+3)(-8) [-15,
2]。

@01 517/9/10 h7 发现道具
哭着叫溶岩在初始之塔拿到了☆艳丽的箭矢『
中立骨』 (1d9)(2)。

@03 517/9/10 h12 完成任务
祝福之伤感的任务完成了，获得了5名声。

@03 517/9/11 h10 完成任务
红之恶魔的任务完成了，获得了40名声。

@01 517/9/11 h13 发现道具
身披黑暗的脑在迷幻之寨拿到了☆揭示真相的
短弓『无与伦比的日暮』 (3d7+3)(13)。

@03 517/9/11 h19 完成任务
姐妹空旷的任务完成了，获得了17名声。

@01 517/9/12 h13 发现道具
祝福之伤感在死者之洞窟拿到了☆被称作铁块
的手枪『成瘾世界』 (1d34)(6)。

@01 517/9/13 h4 发现道具
被舔隼在混沌之洞窟拿到了☆高贵的头盔『红
的呻吟声』 [0,2]。

@01 517/9/14 h6 发现道具
真・心灵在冒险者之寨拿到了☆被称作铁块的
大斧『追求光明的牛』 (1d30+2)(-1)。

@01 517/9/14 h13 发现道具
疯狂祝福在南提里斯拿到了☆祝福的赤红如血
的护颈『惊愕了骸骨』 [0,11]。

@02 517/9/15 h11 新的力量
人混沌积攒了足够的经验，升到6级了。

